{"contracts\\ACDMPlatform.sol":{"l":{"67":84,"68":83,"71":41,"72":41,"76":96,"77":96,"78":96,"83":26,"85":26,"86":26,"87":26,"92":63,"96":62,"97":61,"98":61,"102":4,"107":3,"108":6,"109":6,"110":4,"115":3,"117":3,"119":3,"120":3,"121":3,"122":3,"127":20,"132":19,"133":19,"134":19,"139":20,"143":20,"144":20,"145":20,"150":12,"154":12,"155":12,"156":11,"157":11,"158":11,"159":11,"160":11,"161":8,"162":8,"164":3,"166":11,"167":11,"170":11,"175":5,"179":4,"180":4,"181":3,"182":3,"183":2,"188":82,"189":81,"190":81,"195":61,"196":61,"197":122,"198":122,"199":98,"201":24,"203":122,"211":11,"212":11,"213":22,"214":22,"215":16,"217":6,"219":22,"228":1,"229":1,"230":1,"238":1,"239":1,"240":1,"245":3,"250":0,"251":0},"path":"C:\\Users\\user\\Documents\\GitHub\\Smart_contract_portfolio\\08_ACDM\\contracts\\ACDMPlatform.sol","s":{"1":84,"2":41,"3":96,"4":96,"5":96,"6":26,"7":26,"8":26,"9":26,"10":63,"11":62,"12":61,"13":61,"14":4,"15":3,"16":6,"17":6,"18":4,"19":3,"20":3,"21":3,"22":3,"23":3,"24":20,"25":19,"26":19,"27":19,"28":20,"29":20,"30":20,"31":20,"32":12,"33":12,"34":12,"35":11,"36":11,"37":11,"38":11,"39":11,"40":8,"41":8,"42":3,"43":11,"44":11,"45":11,"46":5,"47":4,"48":4,"49":3,"50":3,"51":2,"52":82,"53":81,"54":81,"55":61,"56":61,"57":122,"58":122,"59":98,"60":24,"61":122,"62":11,"63":11,"64":22,"65":22,"66":16,"67":6,"68":22,"69":1,"70":1,"71":1,"72":1,"73":1,"74":1,"75":3,"76":0,"77":0},"b":{"1":[83,1],"2":[41,0],"3":[26,0],"4":[62,1],"5":[61,1],"6":[3,1],"7":[4,2],"8":[19,1],"9":[20,0],"10":[12,0],"11":[11,1],"12":[11,0],"13":[8,3],"14":[4,1],"15":[3,1],"16":[81,1],"17":[98,24],"18":[16,6]},"f":{"1":84,"2":41,"3":96,"4":26,"5":63,"6":4,"7":20,"8":20,"9":12,"10":5,"11":82,"12":61,"13":11,"14":1,"15":1,"16":3,"17":0},"fnMap":{"1":{"name":"onlySaleRound","line":66,"loc":{"start":{"line":66,"column":4},"end":{"line":69,"column":4}}},"2":{"name":"onlyTradeRound","line":70,"loc":{"start":{"line":70,"column":4},"end":{"line":73,"column":4}}},"3":{"name":"constructor","line":75,"loc":{"start":{"line":75,"column":4},"end":{"line":79,"column":4}}},"4":{"name":"startPlatform","line":82,"loc":{"start":{"line":82,"column":4},"end":{"line":88,"column":4}}},"5":{"name":"buyAcdm","line":91,"loc":{"start":{"line":91,"column":4},"end":{"line":99,"column":4}}},"6":{"name":"startSaleRound","line":101,"loc":{"start":{"line":101,"column":4},"end":{"line":123,"column":4}}},"7":{"name":"startTradeRound","line":126,"loc":{"start":{"line":126,"column":4},"end":{"line":135,"column":4}}},"8":{"name":"addOrder","line":138,"loc":{"start":{"line":138,"column":4},"end":{"line":146,"column":4}}},"9":{"name":"redeemOrder","line":149,"loc":{"start":{"line":149,"column":4},"end":{"line":171,"column":4}}},"10":{"name":"removeOrder","line":174,"loc":{"start":{"line":174,"column":4},"end":{"line":184,"column":4}}},"11":{"name":"register","line":187,"loc":{"start":{"line":187,"column":4},"end":{"line":191,"column":4}}},"12":{"name":"_transferSaleReferReward","line":194,"loc":{"start":{"line":194,"column":4},"end":{"line":205,"column":4}}},"13":{"name":"_transferTradeeReferReward","line":208,"loc":{"start":{"line":208,"column":4},"end":{"line":221,"column":4}}},"14":{"name":"setSaleRoundReferRewards","line":226,"loc":{"start":{"line":224,"column":4},"end":{"line":231,"column":4}}},"15":{"name":"setTradeRoundReferRewards","line":236,"loc":{"start":{"line":234,"column":4},"end":{"line":241,"column":4}}},"16":{"name":"_updateTokenPrice","line":244,"loc":{"start":{"line":244,"column":4},"end":{"line":247,"column":4}}},"17":{"name":"withdraw","line":249,"loc":{"start":{"line":249,"column":4},"end":{"line":252,"column":4}}}},"statementMap":{"1":{"start":{"line":67,"column":8},"end":{"line":67,"column":55}},"2":{"start":{"line":71,"column":8},"end":{"line":71,"column":57}},"3":{"start":{"line":76,"column":8},"end":{"line":76,"column":42}},"4":{"start":{"line":77,"column":8},"end":{"line":77,"column":49}},"5":{"start":{"line":78,"column":8},"end":{"line":78,"column":36}},"6":{"start":{"line":83,"column":8},"end":{"line":83,"column":59}},"7":{"start":{"line":85,"column":8},"end":{"line":85,"column":39}},"8":{"start":{"line":86,"column":8},"end":{"line":86,"column":62}},"9":{"start":{"line":87,"column":8},"end":{"line":87,"column":27}},"10":{"start":{"line":92,"column":8},"end":{"line":92,"column":2601}},"11":{"start":{"line":96,"column":8},"end":{"line":96,"column":70}},"12":{"start":{"line":97,"column":8},"end":{"line":97,"column":60}},"13":{"start":{"line":98,"column":8},"end":{"line":98,"column":54}},"14":{"start":{"line":102,"column":8},"end":{"line":102,"column":2989}},"15":{"start":{"line":107,"column":8},"end":{"line":107,"column":3160}},"16":{"start":{"line":108,"column":12},"end":{"line":108,"column":43}},"17":{"start":{"line":109,"column":12},"end":{"line":109,"column":3265}},"18":{"start":{"line":110,"column":16},"end":{"line":110,"column":61}},"19":{"start":{"line":117,"column":8},"end":{"line":117,"column":26}},"20":{"start":{"line":119,"column":8},"end":{"line":119,"column":50}},"21":{"start":{"line":120,"column":8},"end":{"line":120,"column":62}},"22":{"start":{"line":121,"column":8},"end":{"line":121,"column":39}},"23":{"start":{"line":122,"column":8},"end":{"line":122,"column":27}},"24":{"start":{"line":127,"column":8},"end":{"line":127,"column":3800}},"25":{"start":{"line":132,"column":8},"end":{"line":132,"column":27}},"26":{"start":{"line":133,"column":8},"end":{"line":133,"column":39}},"27":{"start":{"line":134,"column":8},"end":{"line":134,"column":28}},"28":{"start":{"line":139,"column":8},"end":{"line":139,"column":4231}},"29":{"start":{"line":143,"column":8},"end":{"line":143,"column":65}},"30":{"start":{"line":144,"column":8},"end":{"line":144,"column":70}},"31":{"start":{"line":145,"column":8},"end":{"line":145,"column":60}},"32":{"start":{"line":150,"column":8},"end":{"line":150,"column":4695}},"33":{"start":{"line":154,"column":8},"end":{"line":154,"column":41}},"34":{"start":{"line":155,"column":8},"end":{"line":155,"column":49}},"35":{"start":{"line":156,"column":8},"end":{"line":156,"column":45}},"36":{"start":{"line":157,"column":8},"end":{"line":157,"column":59}},"37":{"start":{"line":158,"column":8},"end":{"line":158,"column":45}},"38":{"start":{"line":159,"column":8},"end":{"line":159,"column":29}},"39":{"start":{"line":160,"column":8},"end":{"line":160,"column":5112}},"40":{"start":{"line":161,"column":12},"end":{"line":161,"column":32}},"41":{"start":{"line":162,"column":12},"end":{"line":162,"column":35}},"42":{"start":{"line":164,"column":12},"end":{"line":164,"column":48}},"43":{"start":{"line":166,"column":8},"end":{"line":166,"column":36}},"44":{"start":{"line":167,"column":8},"end":{"line":167,"column":5340}},"45":{"start":{"line":170,"column":8},"end":{"line":170,"column":58}},"46":{"start":{"line":175,"column":8},"end":{"line":175,"column":5636}},"47":{"start":{"line":179,"column":8},"end":{"line":179,"column":41}},"48":{"start":{"line":180,"column":8},"end":{"line":180,"column":66}},"49":{"start":{"line":181,"column":8},"end":{"line":181,"column":28}},"50":{"start":{"line":182,"column":8},"end":{"line":182,"column":51}},"51":{"start":{"line":183,"column":8},"end":{"line":183,"column":30}},"52":{"start":{"line":188,"column":8},"end":{"line":188,"column":59}},"53":{"start":{"line":189,"column":8},"end":{"line":189,"column":36}},"54":{"start":{"line":190,"column":8},"end":{"line":190,"column":34}},"55":{"start":{"line":195,"column":8},"end":{"line":195,"column":49}},"56":{"start":{"line":196,"column":8},"end":{"line":196,"column":6459}},"57":{"start":{"line":197,"column":12},"end":{"line":197,"column":68}},"58":{"start":{"line":198,"column":12},"end":{"line":198,"column":6605}},"59":{"start":{"line":199,"column":16},"end":{"line":199,"column":53}},"60":{"start":{"line":201,"column":16},"end":{"line":201,"column":43}},"61":{"start":{"line":203,"column":12},"end":{"line":203,"column":46}},"62":{"start":{"line":211,"column":8},"end":{"line":211,"column":49}},"63":{"start":{"line":212,"column":8},"end":{"line":212,"column":7125}},"64":{"start":{"line":213,"column":12},"end":{"line":213,"column":69}},"65":{"start":{"line":214,"column":12},"end":{"line":214,"column":7273}},"66":{"start":{"line":215,"column":16},"end":{"line":215,"column":53}},"67":{"start":{"line":217,"column":16},"end":{"line":217,"column":43}},"68":{"start":{"line":219,"column":12},"end":{"line":219,"column":46}},"69":{"start":{"line":228,"column":8},"end":{"line":228,"column":46}},"70":{"start":{"line":229,"column":8},"end":{"line":229,"column":46}},"71":{"start":{"line":230,"column":8},"end":{"line":230,"column":64}},"72":{"start":{"line":238,"column":8},"end":{"line":238,"column":47}},"73":{"start":{"line":239,"column":8},"end":{"line":239,"column":47}},"74":{"start":{"line":240,"column":8},"end":{"line":240,"column":65}},"75":{"start":{"line":245,"column":8},"end":{"line":245,"column":42}},"76":{"start":{"line":250,"column":8},"end":{"line":250,"column":75}},"77":{"start":{"line":251,"column":8},"end":{"line":251,"column":54}}},"branchMap":{"1":{"line":67,"type":"if","locations":[{"start":{"line":67,"column":8},"end":{"line":67,"column":8}},{"start":{"line":67,"column":8},"end":{"line":67,"column":8}}]},"2":{"line":71,"type":"if","locations":[{"start":{"line":71,"column":8},"end":{"line":71,"column":8}},{"start":{"line":71,"column":8},"end":{"line":71,"column":8}}]},"3":{"line":83,"type":"if","locations":[{"start":{"line":83,"column":8},"end":{"line":83,"column":8}},{"start":{"line":83,"column":8},"end":{"line":83,"column":8}}]},"4":{"line":92,"type":"if","locations":[{"start":{"line":92,"column":8},"end":{"line":92,"column":8}},{"start":{"line":92,"column":8},"end":{"line":92,"column":8}}]},"5":{"line":96,"type":"if","locations":[{"start":{"line":96,"column":8},"end":{"line":96,"column":8}},{"start":{"line":96,"column":8},"end":{"line":96,"column":8}}]},"6":{"line":102,"type":"if","locations":[{"start":{"line":102,"column":8},"end":{"line":102,"column":8}},{"start":{"line":102,"column":8},"end":{"line":102,"column":8}}]},"7":{"line":109,"type":"if","locations":[{"start":{"line":109,"column":12},"end":{"line":109,"column":12}},{"start":{"line":109,"column":12},"end":{"line":109,"column":12}}]},"8":{"line":127,"type":"if","locations":[{"start":{"line":127,"column":8},"end":{"line":127,"column":8}},{"start":{"line":127,"column":8},"end":{"line":127,"column":8}}]},"9":{"line":139,"type":"if","locations":[{"start":{"line":139,"column":8},"end":{"line":139,"column":8}},{"start":{"line":139,"column":8},"end":{"line":139,"column":8}}]},"10":{"line":150,"type":"if","locations":[{"start":{"line":150,"column":8},"end":{"line":150,"column":8}},{"start":{"line":150,"column":8},"end":{"line":150,"column":8}}]},"11":{"line":155,"type":"if","locations":[{"start":{"line":155,"column":8},"end":{"line":155,"column":8}},{"start":{"line":155,"column":8},"end":{"line":155,"column":8}}]},"12":{"line":157,"type":"if","locations":[{"start":{"line":157,"column":8},"end":{"line":157,"column":8}},{"start":{"line":157,"column":8},"end":{"line":157,"column":8}}]},"13":{"line":160,"type":"if","locations":[{"start":{"line":160,"column":8},"end":{"line":160,"column":8}},{"start":{"line":160,"column":8},"end":{"line":160,"column":8}}]},"14":{"line":175,"type":"if","locations":[{"start":{"line":175,"column":8},"end":{"line":175,"column":8}},{"start":{"line":175,"column":8},"end":{"line":175,"column":8}}]},"15":{"line":180,"type":"if","locations":[{"start":{"line":180,"column":8},"end":{"line":180,"column":8}},{"start":{"line":180,"column":8},"end":{"line":180,"column":8}}]},"16":{"line":188,"type":"if","locations":[{"start":{"line":188,"column":8},"end":{"line":188,"column":8}},{"start":{"line":188,"column":8},"end":{"line":188,"column":8}}]},"17":{"line":198,"type":"if","locations":[{"start":{"line":198,"column":12},"end":{"line":198,"column":12}},{"start":{"line":198,"column":12},"end":{"line":198,"column":12}}]},"18":{"line":214,"type":"if","locations":[{"start":{"line":214,"column":12},"end":{"line":214,"column":12}},{"start":{"line":214,"column":12},"end":{"line":214,"column":12}}]}}},"contracts\\ACDMToken.sol":{"l":{"12":96,"16":29,"20":29,"24":0},"path":"C:\\Users\\user\\Documents\\GitHub\\Smart_contract_portfolio\\08_ACDM\\contracts\\ACDMToken.sol","s":{"1":96,"2":29,"3":29,"4":0},"b":{},"f":{"1":96,"2":29,"3":29,"4":0},"fnMap":{"1":{"name":"constructor","line":11,"loc":{"start":{"line":11,"column":4},"end":{"line":13,"column":4}}},"2":{"name":"decimals","line":15,"loc":{"start":{"line":15,"column":4},"end":{"line":17,"column":4}}},"3":{"name":"mint","line":19,"loc":{"start":{"line":19,"column":4},"end":{"line":21,"column":4}}},"4":{"name":"burn","line":23,"loc":{"start":{"line":23,"column":4},"end":{"line":25,"column":4}}}},"statementMap":{"1":{"start":{"line":12,"column":8},"end":{"line":12,"column":49}},"2":{"start":{"line":16,"column":8},"end":{"line":16,"column":16}},"3":{"start":{"line":20,"column":8},"end":{"line":20,"column":33}},"4":{"start":{"line":24,"column":8},"end":{"line":24,"column":35}}},"branchMap":{}},"contracts\\DAO.sol":{"l":{"45":168,"46":168,"47":168,"56":56,"57":56,"58":56,"69":18,"70":18,"71":17,"73":17,"84":17,"97":28,"98":27,"99":26,"100":25,"105":24,"106":24,"108":23,"109":23,"110":23,"111":23,"118":10,"123":9,"125":8,"127":8,"130":8,"131":8,"132":8,"137":5,"138":5,"140":5,"141":5,"142":3,"144":6},"path":"C:\\Users\\user\\Documents\\GitHub\\Smart_contract_portfolio\\08_ACDM\\contracts\\DAO.sol","s":{"1":168,"2":168,"3":168,"4":56,"5":56,"6":56,"7":18,"8":18,"9":17,"10":17,"11":17,"12":28,"13":27,"14":26,"15":25,"16":24,"17":24,"18":23,"19":23,"20":23,"21":23,"22":10,"23":9,"24":8,"25":8,"26":8,"27":8,"28":8,"29":5,"30":5,"31":5,"32":5,"33":3,"34":6},"b":{"1":[56,0],"2":[17,1],"3":[27,1],"4":[26,1],"5":[25,1],"6":[24,1],"7":[23,1],"8":[9,1],"9":[8,1],"10":[5,3],"11":[3,2]},"f":{"1":168,"2":56,"3":18,"4":28,"5":10},"fnMap":{"1":{"name":"constructor","line":44,"loc":{"start":{"line":44,"column":4},"end":{"line":48,"column":4}}},"2":{"name":"setupStaking","line":54,"loc":{"start":{"line":52,"column":4},"end":{"line":59,"column":4}}},"3":{"name":"addProposal","line":67,"loc":{"start":{"line":65,"column":4},"end":{"line":90,"column":4}}},"4":{"name":"vote","line":96,"loc":{"start":{"line":96,"column":4},"end":{"line":112,"column":4}}},"5":{"name":"finish","line":117,"loc":{"start":{"line":117,"column":4},"end":{"line":145,"column":4}}}},"statementMap":{"1":{"start":{"line":45,"column":8},"end":{"line":45,"column":49}},"2":{"start":{"line":46,"column":8},"end":{"line":46,"column":39}},"3":{"start":{"line":47,"column":8},"end":{"line":47,"column":33}},"4":{"start":{"line":56,"column":8},"end":{"line":56,"column":70}},"5":{"start":{"line":57,"column":8},"end":{"line":57,"column":39}},"6":{"start":{"line":58,"column":8},"end":{"line":58,"column":41}},"7":{"start":{"line":69,"column":8},"end":{"line":69,"column":74}},"8":{"start":{"line":70,"column":8},"end":{"line":70,"column":63}},"9":{"start":{"line":71,"column":8},"end":{"line":71,"column":34}},"10":{"start":{"line":73,"column":8},"end":{"line":73,"column":2266}},"11":{"start":{"line":84,"column":8},"end":{"line":84,"column":2521}},"12":{"start":{"line":97,"column":8},"end":{"line":97,"column":59}},"13":{"start":{"line":98,"column":8},"end":{"line":98,"column":57}},"14":{"start":{"line":99,"column":8},"end":{"line":99,"column":65}},"15":{"start":{"line":100,"column":8},"end":{"line":100,"column":3102}},"16":{"start":{"line":105,"column":8},"end":{"line":105,"column":60}},"17":{"start":{"line":106,"column":8},"end":{"line":106,"column":68}},"18":{"start":{"line":108,"column":8},"end":{"line":108,"column":37}},"19":{"start":{"line":109,"column":8},"end":{"line":109,"column":58}},"20":{"start":{"line":110,"column":8},"end":{"line":110,"column":62}},"21":{"start":{"line":111,"column":8},"end":{"line":111,"column":59}},"22":{"start":{"line":118,"column":8},"end":{"line":118,"column":3753}},"23":{"start":{"line":123,"column":8},"end":{"line":123,"column":70}},"24":{"start":{"line":125,"column":8},"end":{"line":125,"column":35}},"25":{"start":{"line":127,"column":8},"end":{"line":127,"column":4023}},"26":{"start":{"line":130,"column":8},"end":{"line":130,"column":35}},"27":{"start":{"line":131,"column":8},"end":{"line":131,"column":25}},"28":{"start":{"line":132,"column":8},"end":{"line":132,"column":4214}},"29":{"start":{"line":137,"column":12},"end":{"line":137,"column":50}},"30":{"start":{"line":138,"column":12},"end":{"line":138,"column":53}},"31":{"start":{"line":140,"column":12},"end":{"line":140,"column":56}},"32":{"start":{"line":141,"column":12},"end":{"line":141,"column":50}},"33":{"start":{"line":142,"column":12},"end":{"line":142,"column":23}},"34":{"start":{"line":144,"column":8},"end":{"line":144,"column":42}}},"branchMap":{"1":{"line":56,"type":"if","locations":[{"start":{"line":56,"column":8},"end":{"line":56,"column":8}},{"start":{"line":56,"column":8},"end":{"line":56,"column":8}}]},"2":{"line":70,"type":"if","locations":[{"start":{"line":70,"column":8},"end":{"line":70,"column":8}},{"start":{"line":70,"column":8},"end":{"line":70,"column":8}}]},"3":{"line":97,"type":"if","locations":[{"start":{"line":97,"column":8},"end":{"line":97,"column":8}},{"start":{"line":97,"column":8},"end":{"line":97,"column":8}}]},"4":{"line":98,"type":"if","locations":[{"start":{"line":98,"column":8},"end":{"line":98,"column":8}},{"start":{"line":98,"column":8},"end":{"line":98,"column":8}}]},"5":{"line":99,"type":"if","locations":[{"start":{"line":99,"column":8},"end":{"line":99,"column":8}},{"start":{"line":99,"column":8},"end":{"line":99,"column":8}}]},"6":{"line":100,"type":"if","locations":[{"start":{"line":100,"column":8},"end":{"line":100,"column":8}},{"start":{"line":100,"column":8},"end":{"line":100,"column":8}}]},"7":{"line":106,"type":"if","locations":[{"start":{"line":106,"column":8},"end":{"line":106,"column":8}},{"start":{"line":106,"column":8},"end":{"line":106,"column":8}}]},"8":{"line":118,"type":"if","locations":[{"start":{"line":118,"column":8},"end":{"line":118,"column":8}},{"start":{"line":118,"column":8},"end":{"line":118,"column":8}}]},"9":{"line":123,"type":"if","locations":[{"start":{"line":123,"column":8},"end":{"line":123,"column":8}},{"start":{"line":123,"column":8},"end":{"line":123,"column":8}}]},"10":{"line":132,"type":"if","locations":[{"start":{"line":132,"column":8},"end":{"line":132,"column":8}},{"start":{"line":132,"column":8},"end":{"line":132,"column":8}}]},"11":{"line":141,"type":"if","locations":[{"start":{"line":141,"column":12},"end":{"line":141,"column":12}},{"start":{"line":141,"column":12},"end":{"line":141,"column":12}}]}}},"contracts\\IUniswapV2Router02.sol":{"l":{},"path":"C:\\Users\\user\\Documents\\GitHub\\Smart_contract_portfolio\\08_ACDM\\contracts\\IUniswapV2Router02.sol","s":{},"b":{},"f":{},"fnMap":{},"statementMap":{},"branchMap":{}},"contracts\\LPToken.sol":{"l":{"10":168,"14":168,"18":168},"path":"C:\\Users\\user\\Documents\\GitHub\\Smart_contract_portfolio\\08_ACDM\\contracts\\LPToken.sol","s":{"1":168,"2":168,"3":168},"b":{},"f":{"1":168,"2":168,"3":168},"fnMap":{"1":{"name":"constructor","line":9,"loc":{"start":{"line":9,"column":4},"end":{"line":11,"column":4}}},"2":{"name":"decimals","line":13,"loc":{"start":{"line":13,"column":4},"end":{"line":15,"column":4}}},"3":{"name":"mint","line":17,"loc":{"start":{"line":17,"column":5},"end":{"line":19,"column":4}}}},"statementMap":{"1":{"start":{"line":10,"column":8},"end":{"line":10,"column":49}},"2":{"start":{"line":14,"column":8},"end":{"line":14,"column":16}},"3":{"start":{"line":18,"column":8},"end":{"line":18,"column":24}}},"branchMap":{}},"contracts\\Staking.sol":{"l":{"37":168,"39":168,"40":168,"45":57,"46":56,"47":56,"48":56,"55":38,"56":38,"57":38,"58":38,"59":38,"60":38,"66":5,"71":4,"76":3,"77":3,"78":3,"79":3,"80":3,"81":3,"86":5,"90":3,"91":3,"92":3,"93":3,"94":3,"95":3,"96":3,"101":1,"107":27},"path":"C:\\Users\\user\\Documents\\GitHub\\Smart_contract_portfolio\\08_ACDM\\contracts\\Staking.sol","s":{"1":168,"2":168,"3":168,"4":57,"5":56,"6":56,"7":56,"8":38,"9":38,"10":38,"11":38,"12":38,"13":38,"14":5,"15":4,"16":3,"17":3,"18":3,"19":3,"20":3,"21":3,"22":5,"23":3,"24":3,"25":3,"26":3,"27":3,"28":3,"29":3,"30":1,"31":27},"b":{"1":[56,1],"2":[4,1],"3":[3,1],"4":[3,2]},"f":{"1":168,"2":57,"3":38,"4":5,"5":5,"6":1,"7":27},"fnMap":{"1":{"name":"constructor","line":36,"loc":{"start":{"line":36,"column":4},"end":{"line":41,"column":4}}},"2":{"name":"setupDao","line":44,"loc":{"start":{"line":44,"column":4},"end":{"line":49,"column":4}}},"3":{"name":"stake","line":54,"loc":{"start":{"line":54,"column":4},"end":{"line":61,"column":4}}},"4":{"name":"unstake","line":65,"loc":{"start":{"line":65,"column":4},"end":{"line":82,"column":4}}},"5":{"name":"claim","line":85,"loc":{"start":{"line":85,"column":4},"end":{"line":97,"column":4}}},"6":{"name":"setTimeToLockLp","line":100,"loc":{"start":{"line":100,"column":4},"end":{"line":102,"column":4}}},"7":{"name":"stakeAmount","line":106,"loc":{"start":{"line":106,"column":4},"end":{"line":108,"column":4}}}},"statementMap":{"1":{"start":{"line":37,"column":8},"end":{"line":37,"column":49}},"2":{"start":{"line":39,"column":8},"end":{"line":39,"column":35}},"3":{"start":{"line":40,"column":8},"end":{"line":40,"column":43}},"4":{"start":{"line":45,"column":8},"end":{"line":45,"column":62}},"5":{"start":{"line":46,"column":8},"end":{"line":46,"column":30}},"6":{"start":{"line":47,"column":8},"end":{"line":47,"column":31}},"7":{"start":{"line":48,"column":8},"end":{"line":48,"column":35}},"8":{"start":{"line":55,"column":8},"end":{"line":55,"column":63}},"9":{"start":{"line":56,"column":8},"end":{"line":56,"column":43}},"10":{"start":{"line":57,"column":8},"end":{"line":57,"column":53}},"11":{"start":{"line":58,"column":8},"end":{"line":58,"column":60}},"12":{"start":{"line":59,"column":8},"end":{"line":59,"column":30}},"13":{"start":{"line":60,"column":8},"end":{"line":60,"column":40}},"14":{"start":{"line":66,"column":8},"end":{"line":66,"column":2073}},"15":{"start":{"line":71,"column":8},"end":{"line":71,"column":2263}},"16":{"start":{"line":76,"column":8},"end":{"line":76,"column":48}},"17":{"start":{"line":77,"column":8},"end":{"line":77,"column":44}},"18":{"start":{"line":78,"column":8},"end":{"line":78,"column":36}},"19":{"start":{"line":79,"column":8},"end":{"line":79,"column":60}},"20":{"start":{"line":80,"column":8},"end":{"line":80,"column":30}},"21":{"start":{"line":81,"column":8},"end":{"line":81,"column":42}},"22":{"start":{"line":86,"column":8},"end":{"line":86,"column":2824}},"23":{"start":{"line":90,"column":8},"end":{"line":90,"column":36}},"24":{"start":{"line":91,"column":8},"end":{"line":91,"column":79}},"25":{"start":{"line":92,"column":8},"end":{"line":92,"column":45}},"26":{"start":{"line":93,"column":8},"end":{"line":93,"column":75}},"27":{"start":{"line":94,"column":8},"end":{"line":94,"column":53}},"28":{"start":{"line":95,"column":8},"end":{"line":95,"column":53}},"29":{"start":{"line":96,"column":8},"end":{"line":96,"column":60}},"30":{"start":{"line":101,"column":8},"end":{"line":101,"column":27}},"31":{"start":{"line":107,"column":8},"end":{"line":107,"column":36}}},"branchMap":{"1":{"line":45,"type":"if","locations":[{"start":{"line":45,"column":8},"end":{"line":45,"column":8}},{"start":{"line":45,"column":8},"end":{"line":45,"column":8}}]},"2":{"line":66,"type":"if","locations":[{"start":{"line":66,"column":8},"end":{"line":66,"column":8}},{"start":{"line":66,"column":8},"end":{"line":66,"column":8}}]},"3":{"line":71,"type":"if","locations":[{"start":{"line":71,"column":8},"end":{"line":71,"column":8}},{"start":{"line":71,"column":8},"end":{"line":71,"column":8}}]},"4":{"line":86,"type":"if","locations":[{"start":{"line":86,"column":8},"end":{"line":86,"column":8}},{"start":{"line":86,"column":8},"end":{"line":86,"column":8}}]}}},"contracts\\XXXToken.sol":{"l":{"10":168,"14":56},"path":"C:\\Users\\user\\Documents\\GitHub\\Smart_contract_portfolio\\08_ACDM\\contracts\\XXXToken.sol","s":{"1":168,"2":56},"b":{},"f":{"1":168,"2":56},"fnMap":{"1":{"name":"constructor","line":9,"loc":{"start":{"line":9,"column":4},"end":{"line":11,"column":4}}},"2":{"name":"mint","line":13,"loc":{"start":{"line":13,"column":5},"end":{"line":15,"column":4}}}},"statementMap":{"1":{"start":{"line":10,"column":8},"end":{"line":10,"column":46}},"2":{"start":{"line":14,"column":8},"end":{"line":14,"column":24}}},"branchMap":{}}}