{
"contracts\\ACDMPlatform.sol":{"l":{"66":0,"67":0,"70":0,"71":0,"75":0,"76":0,"82":0,"84":0,"85":0,"86":0,"91":0,"95":0,"96":0,"97":0,"101":0,"105":0,"106":0,"107":0,"108":0,"109":0,"114":0,"119":0,"120":0,"121":0,"126":0,"130":0,"131":0,"132":0,"137":0,"141":0,"142":0,"143":0,"144":0,"145":0,"146":0,"147":0,"148":0,"149":0,"151":0,"153":0,"154":0,"157":0,"162":0,"166":0,"167":0,"168":0,"169":0,"170":0,"175":0,"176":0,"177":0,"182":0,"183":0,"184":0,"185":0,"186":0,"188":0,"190":0,"198":0,"199":0,"200":0,"201":0,"202":0,"204":0,"206":0,"215":0,"216":0,"217":0,"225":0,"226":0,"227":0,"232":0,"237":0,"238":0},"path":"C:\\Users\\user\\Documents\\GitHub\\Smart_contract_portfolio\\08_ACDM\\contracts\\ACDMPlatform.sol","s":{"1":0,"2":0,"3":0,"4":0,"5":0,"6":0,"7":0,"8":0,"9":0,"10":0,"11":0,"12":0,"13":0,"14":0,"15":0,"16":0,"17":0,"18":0,"19":0,"20":0,"21":0,"22":0,"23":0,"24":0,"25":0,"26":0,"27":0,"28":0,"29":0,"30":0,"31":0,"32":0,"33":0,"34":0,"35":0,"36":0,"37":0,"38":0,"39":0,"40":0,"41":0,"42":0,"43":0,"44":0,"45":0,"46":0,"47":0,"48":0,"49":0,"50":0,"51":0,"52":0,"53":0,"54":0,"55":0,"56":0,"57":0,"58":0,"59":0,"60":0,"61":0,"62":0,"63":0,"64":0,"65":0,"66":0,"67":0,"68":0,"69":0,"70":0,"71":0,"72":0},"b":{"1":[0,0],"2":[0,0],"3":[0,0],"4":[0,0],"5":[0,0],"6":[0,0],"7":[0,0],"8":[0,0],"9":[0,0],"10":[0,0],"11":[0,0],"12":[0,0],"13":[0,0],"14":[0,0],"15":[0,0],"16":[0,0],"17":[0,0]},"f":{"1":0,"2":0,"3":0,"4":0,"5":0,"6":0,"7":0,"8":0,"9":0,"10":0,"11":0,"12":0,"13":0,"14":0,"15":0,"16":0,"17":0},"fnMap":{"1":{"name":"onlySaleRound","line":65,"loc":{"start":{"line":65,"column":4},"end":{"line":68,"column":4}}},"2":{"name":"onlyTradeRound","line":69,"loc":{"start":{"line":69,"column":4},"end":{"line":72,"column":4}}},"3":{"name":"constructor","line":74,"loc":{"start":{"line":74,"column":4},"end":{"line":78,"column":4}}},"4":{"name":"startPlatform","line":81,"loc":{"start":{"line":81,"column":4},"end":{"line":87,"column":4}}},"5":{"name":"buyAcdm","line":90,"loc":{"start":{"line":90,"column":4},"end":{"line":98,"column":4}}},"6":{"name":"startSaleRound","line":100,"loc":{"start":{"line":100,"column":4},"end":{"line":110,"column":4}}},"7":{"name":"startTradeRound","line":113,"loc":{"start":{"line":113,"column":4},"end":{"line":122,"column":4}}},"8":{"name":"addOrder","line":125,"loc":{"start":{"line":125,"column":4},"end":{"line":133,"column":4}}},"9":{"name":"redeemOrder","line":136,"loc":{"start":{"line":136,"column":4},"end":{"line":158,"column":4}}},"10":{"name":"removeOrder","line":161,"loc":{"start":{"line":161,"column":4},"end":{"line":171,"column":4}}},"11":{"name":"register","line":174,"loc":{"start":{"line":174,"column":4},"end":{"line":178,"column":4}}},"12":{"name":"_transferSaleReferReward","line":181,"loc":{"start":{"line":181,"column":4},"end":{"line":192,"column":4}}},"13":{"name":"_transferTradeeReferReward","line":195,"loc":{"start":{"line":195,"column":4},"end":{"line":208,"column":4}}},"14":{"name":"setSaleRoundReferRewards","line":213,"loc":{"start":{"line":211,"column":4},"end":{"line":218,"column":4}}},"15":{"name":"setTradeRoundReferRewards","line":223,"loc":{"start":{"line":221,"column":4},"end":{"line":228,"column":4}}},"16":{"name":"_updateTokenPrice","line":231,"loc":{"start":{"line":231,"column":4},"end":{"line":234,"column":4}}},"17":{"name":"withdraw","line":236,"loc":{"start":{"line":236,"column":4},"end":{"line":239,"column":4}}}},"statementMap":{"1":{"start":{"line":66,"column":8},"end":{"line":66,"column":55}},"2":{"start":{"line":70,"column":8},"end":{"line":70,"column":57}},"3":{"start":{"line":75,"column":8},"end":{"line":75,"column":42}},"4":{"start":{"line":76,"column":8},"end":{"line":76,"column":49}},"5":{"start":{"line":82,"column":8},"end":{"line":82,"column":59}},"6":{"start":{"line":84,"column":8},"end":{"line":84,"column":39}},"7":{"start":{"line":85,"column":8},"end":{"line":85,"column":35}},"8":{"start":{"line":86,"column":8},"end":{"line":86,"column":27}},"9":{"start":{"line":91,"column":8},"end":{"line":91,"column":2552}},"10":{"start":{"line":95,"column":8},"end":{"line":95,"column":70}},"11":{"start":{"line":96,"column":8},"end":{"line":96,"column":60}},"12":{"start":{"line":97,"column":8},"end":{"line":97,"column":54}},"13":{"start":{"line":101,"column":8},"end":{"line":101,"column":2940}},"14":{"start":{"line":105,"column":8},"end":{"line":105,"column":26}},"15":{"start":{"line":106,"column":8},"end":{"line":106,"column":50}},"16":{"start":{"line":107,"column":8},"end":{"line":107,"column":35}},"17":{"start":{"line":108,"column":8},"end":{"line":108,"column":39}},"18":{"start":{"line":109,"column":8},"end":{"line":109,"column":27}},"19":{"start":{"line":114,"column":8},"end":{"line":114,"column":3407}},"20":{"start":{"line":119,"column":8},"end":{"line":119,"column":27}},"21":{"start":{"line":120,"column":8},"end":{"line":120,"column":39}},"22":{"start":{"line":121,"column":8},"end":{"line":121,"column":28}},"23":{"start":{"line":126,"column":8},"end":{"line":126,"column":3838}},"24":{"start":{"line":130,"column":8},"end":{"line":130,"column":65}},"25":{"start":{"line":131,"column":8},"end":{"line":131,"column":70}},"26":{"start":{"line":132,"column":8},"end":{"line":132,"column":60}},"27":{"start":{"line":137,"column":8},"end":{"line":137,"column":4302}},"28":{"start":{"line":141,"column":8},"end":{"line":141,"column":41}},"29":{"start":{"line":142,"column":8},"end":{"line":142,"column":49}},"30":{"start":{"line":143,"column":8},"end":{"line":143,"column":45}},"31":{"start":{"line":144,"column":8},"end":{"line":144,"column":59}},"32":{"start":{"line":145,"column":8},"end":{"line":145,"column":45}},"33":{"start":{"line":146,"column":8},"end":{"line":146,"column":29}},"34":{"start":{"line":147,"column":8},"end":{"line":147,"column":4719}},"35":{"start":{"line":148,"column":12},"end":{"line":148,"column":32}},"36":{"start":{"line":149,"column":12},"end":{"line":149,"column":35}},"37":{"start":{"line":151,"column":12},"end":{"line":151,"column":48}},"38":{"start":{"line":153,"column":8},"end":{"line":153,"column":33}},"39":{"start":{"line":154,"column":8},"end":{"line":154,"column":4944}},"40":{"start":{"line":157,"column":8},"end":{"line":157,"column":58}},"41":{"start":{"line":162,"column":8},"end":{"line":162,"column":5240}},"42":{"start":{"line":166,"column":8},"end":{"line":166,"column":41}},"43":{"start":{"line":167,"column":8},"end":{"line":167,"column":66}},"44":{"start":{"line":168,"column":8},"end":{"line":168,"column":28}},"45":{"start":{"line":169,"column":8},"end":{"line":169,"column":51}},"46":{"start":{"line":170,"column":8},"end":{"line":170,"column":30}},"47":{"start":{"line":175,"column":8},"end":{"line":175,"column":59}},"48":{"start":{"line":176,"column":8},"end":{"line":176,"column":36}},"49":{"start":{"line":177,"column":8},"end":{"line":177,"column":34}},"50":{"start":{"line":182,"column":8},"end":{"line":182,"column":49}},"51":{"start":{"line":183,"column":8},"end":{"line":183,"column":6063}},"52":{"start":{"line":184,"column":12},"end":{"line":184,"column":68}},"53":{"start":{"line":185,"column":12},"end":{"line":185,"column":6209}},"54":{"start":{"line":186,"column":16},"end":{"line":186,"column":53}},"55":{"start":{"line":188,"column":16},"end":{"line":188,"column":43}},"56":{"start":{"line":190,"column":12},"end":{"line":190,"column":46}},"57":{"start":{"line":198,"column":8},"end":{"line":198,"column":49}},"58":{"start":{"line":199,"column":8},"end":{"line":199,"column":6729}},"59":{"start":{"line":200,"column":12},"end":{"line":200,"column":69}},"60":{"start":{"line":201,"column":12},"end":{"line":201,"column":6877}},"61":{"start":{"line":202,"column":16},"end":{"line":202,"column":53}},"62":{"start":{"line":204,"column":16},"end":{"line":204,"column":43}},"63":{"start":{"line":206,"column":12},"end":{"line":206,"column":46}},"64":{"start":{"line":215,"column":8},"end":{"line":215,"column":46}},"65":{"start":{"line":216,"column":8},"end":{"line":216,"column":46}},"66":{"start":{"line":217,"column":8},"end":{"line":217,"column":64}},"67":{"start":{"line":225,"column":8},"end":{"line":225,"column":47}},"68":{"start":{"line":226,"column":8},"end":{"line":226,"column":47}},"69":{"start":{"line":227,"column":8},"end":{"line":227,"column":65}},"70":{"start":{"line":232,"column":8},"end":{"line":232,"column":58}},"71":{"start":{"line":237,"column":8},"end":{"line":237,"column":75}},"72":{"start":{"line":238,"column":8},"end":{"line":238,"column":54}}},"branchMap":{"1":{"line":66,"type":"if","locations":[{"start":{"line":66,"column":8},"end":{"line":66,"column":8}},{"start":{"line":66,"column":8},"end":{"line":66,"column":8}}]},"2":{"line":70,"type":"if","locations":[{"start":{"line":70,"column":8},"end":{"line":70,"column":8}},{"start":{"line":70,"column":8},"end":{"line":70,"column":8}}]},"3":{"line":82,"type":"if","locations":[{"start":{"line":82,"column":8},"end":{"line":82,"column":8}},{"start":{"line":82,"column":8},"end":{"line":82,"column":8}}]},"4":{"line":91,"type":"if","locations":[{"start":{"line":91,"column":8},"end":{"line":91,"column":8}},{"start":{"line":91,"column":8},"end":{"line":91,"column":8}}]},"5":{"line":95,"type":"if","locations":[{"start":{"line":95,"column":8},"end":{"line":95,"column":8}},{"start":{"line":95,"column":8},"end":{"line":95,"column":8}}]},"6":{"line":101,"type":"if","locations":[{"start":{"line":101,"column":8},"end":{"line":101,"column":8}},{"start":{"line":101,"column":8},"end":{"line":101,"column":8}}]},"7":{"line":114,"type":"if","locations":[{"start":{"line":114,"column":8},"end":{"line":114,"column":8}},{"start":{"line":114,"column":8},"end":{"line":114,"column":8}}]},"8":{"line":126,"type":"if","locations":[{"start":{"line":126,"column":8},"end":{"line":126,"column":8}},{"start":{"line":126,"column":8},"end":{"line":126,"column":8}}]},"9":{"line":137,"type":"if","locations":[{"start":{"line":137,"column":8},"end":{"line":137,"column":8}},{"start":{"line":137,"column":8},"end":{"line":137,"column":8}}]},"10":{"line":142,"type":"if","locations":[{"start":{"line":142,"column":8},"end":{"line":142,"column":8}},{"start":{"line":142,"column":8},"end":{"line":142,"column":8}}]},"11":{"line":144,"type":"if","locations":[{"start":{"line":144,"column":8},"end":{"line":144,"column":8}},{"start":{"line":144,"column":8},"end":{"line":144,"column":8}}]},"12":{"line":147,"type":"if","locations":[{"start":{"line":147,"column":8},"end":{"line":147,"column":8}},{"start":{"line":147,"column":8},"end":{"line":147,"column":8}}]},"13":{"line":162,"type":"if","locations":[{"start":{"line":162,"column":8},"end":{"line":162,"column":8}},{"start":{"line":162,"column":8},"end":{"line":162,"column":8}}]},"14":{"line":167,"type":"if","locations":[{"start":{"line":167,"column":8},"end":{"line":167,"column":8}},{"start":{"line":167,"column":8},"end":{"line":167,"column":8}}]},"15":{"line":175,"type":"if","locations":[{"start":{"line":175,"column":8},"end":{"line":175,"column":8}},{"start":{"line":175,"column":8},"end":{"line":175,"column":8}}]},"16":{"line":185,"type":"if","locations":[{"start":{"line":185,"column":12},"end":{"line":185,"column":12}},{"start":{"line":185,"column":12},"end":{"line":185,"column":12}}]},"17":{"line":201,"type":"if","locations":[{"start":{"line":201,"column":12},"end":{"line":201,"column":12}},{"start":{"line":201,"column":12},"end":{"line":201,"column":12}}]}}},
"contracts\\ACDMToken.sol":{"l":{"12":0,"16":0,"20":0,"24":0},"path":"C:\\Users\\user\\Documents\\GitHub\\Smart_contract_portfolio\\08_ACDM\\contracts\\ACDMToken.sol","s":{"1":0,"2":0,"3":0,"4":0},"b":{},"f":{"1":0,"2":0,"3":0,"4":0},"fnMap":{"1":{"name":"constructor","line":11,"loc":{"start":{"line":11,"column":4},"end":{"line":13,"column":4}}},"2":{"name":"decimals","line":15,"loc":{"start":{"line":15,"column":4},"end":{"line":17,"column":4}}},"3":{"name":"mint","line":19,"loc":{"start":{"line":19,"column":4},"end":{"line":21,"column":4}}},"4":{"name":"burn","line":23,"loc":{"start":{"line":23,"column":4},"end":{"line":25,"column":4}}}},"statementMap":{"1":{"start":{"line":12,"column":8},"end":{"line":12,"column":49}},"2":{"start":{"line":16,"column":8},"end":{"line":16,"column":16}},"3":{"start":{"line":20,"column":8},"end":{"line":20,"column":33}},"4":{"start":{"line":24,"column":8},"end":{"line":24,"column":35}}},"branchMap":{}},
"contracts\\DAO.sol":{"l":{"45":72,"46":72,"47":72,"56":24,"57":24,"58":24,"69":16,"70":16,"71":15,"73":15,"84":15,"97":22,"98":21,"99":20,"100":19,"105":18,"106":18,"108":17,"109":17,"110":17,"111":17,"118":8,"123":7,"125":6,"127":6,"130":6,"131":6,"132":6,"137":3,"138":3,"140":3,"141":3,"142":1,"144":4},"path":"C:\\Users\\user\\Documents\\GitHub\\Smart_contract_portfolio\\08_ACDM\\contracts\\DAO.sol","s":{"1":72,"2":72,"3":72,"4":24,"5":24,"6":24,"7":16,"8":16,"9":15,"10":15,"11":15,"12":22,"13":21,"14":20,"15":19,"16":18,"17":18,"18":17,"19":17,"20":17,"21":17,"22":8,"23":7,"24":6,"25":6,"26":6,"27":6,"28":6,"29":3,"30":3,"31":3,"32":3,"33":1,"34":4},"b":{"1":[24,0],"2":[15,1],"3":[21,1],"4":[20,1],"5":[19,1],"6":[18,1],"7":[17,1],"8":[7,1],"9":[6,1],"10":[3,3],"11":[1,2]},"f":{"1":72,"2":24,"3":16,"4":22,"5":8},"fnMap":{"1":{"name":"constructor","line":44,"loc":{"start":{"line":44,"column":4},"end":{"line":48,"column":4}}},"2":{"name":"setupStaking","line":54,"loc":{"start":{"line":52,"column":4},"end":{"line":59,"column":4}}},"3":{"name":"addProposal","line":67,"loc":{"start":{"line":65,"column":4},"end":{"line":90,"column":4}}},"4":{"name":"vote","line":96,"loc":{"start":{"line":96,"column":4},"end":{"line":112,"column":4}}},"5":{"name":"finish","line":117,"loc":{"start":{"line":117,"column":4},"end":{"line":145,"column":4}}}},"statementMap":{"1":{"start":{"line":45,"column":8},"end":{"line":45,"column":49}},"2":{"start":{"line":46,"column":8},"end":{"line":46,"column":39}},"3":{"start":{"line":47,"column":8},"end":{"line":47,"column":33}},"4":{"start":{"line":56,"column":8},"end":{"line":56,"column":70}},"5":{"start":{"line":57,"column":8},"end":{"line":57,"column":39}},"6":{"start":{"line":58,"column":8},"end":{"line":58,"column":41}},"7":{"start":{"line":69,"column":8},"end":{"line":69,"column":74}},"8":{"start":{"line":70,"column":8},"end":{"line":70,"column":63}},"9":{"start":{"line":71,"column":8},"end":{"line":71,"column":34}},"10":{"start":{"line":73,"column":8},"end":{"line":73,"column":2266}},"11":{"start":{"line":84,"column":8},"end":{"line":84,"column":2521}},"12":{"start":{"line":97,"column":8},"end":{"line":97,"column":59}},"13":{"start":{"line":98,"column":8},"end":{"line":98,"column":57}},"14":{"start":{"line":99,"column":8},"end":{"line":99,"column":65}},"15":{"start":{"line":100,"column":8},"end":{"line":100,"column":3102}},"16":{"start":{"line":105,"column":8},"end":{"line":105,"column":60}},"17":{"start":{"line":106,"column":8},"end":{"line":106,"column":68}},"18":{"start":{"line":108,"column":8},"end":{"line":108,"column":37}},"19":{"start":{"line":109,"column":8},"end":{"line":109,"column":58}},"20":{"start":{"line":110,"column":8},"end":{"line":110,"column":62}},"21":{"start":{"line":111,"column":8},"end":{"line":111,"column":59}},"22":{"start":{"line":118,"column":8},"end":{"line":118,"column":3753}},"23":{"start":{"line":123,"column":8},"end":{"line":123,"column":70}},"24":{"start":{"line":125,"column":8},"end":{"line":125,"column":35}},"25":{"start":{"line":127,"column":8},"end":{"line":127,"column":4023}},"26":{"start":{"line":130,"column":8},"end":{"line":130,"column":35}},"27":{"start":{"line":131,"column":8},"end":{"line":131,"column":25}},"28":{"start":{"line":132,"column":8},"end":{"line":132,"column":4214}},"29":{"start":{"line":137,"column":12},"end":{"line":137,"column":50}},"30":{"start":{"line":138,"column":12},"end":{"line":138,"column":53}},"31":{"start":{"line":140,"column":12},"end":{"line":140,"column":56}},"32":{"start":{"line":141,"column":12},"end":{"line":141,"column":50}},"33":{"start":{"line":142,"column":12},"end":{"line":142,"column":23}},"34":{"start":{"line":144,"column":8},"end":{"line":144,"column":42}}},"branchMap":{"1":{"line":56,"type":"if","locations":[{"start":{"line":56,"column":8},"end":{"line":56,"column":8}},{"start":{"line":56,"column":8},"end":{"line":56,"column":8}}]},"2":{"line":70,"type":"if","locations":[{"start":{"line":70,"column":8},"end":{"line":70,"column":8}},{"start":{"line":70,"column":8},"end":{"line":70,"column":8}}]},"3":{"line":97,"type":"if","locations":[{"start":{"line":97,"column":8},"end":{"line":97,"column":8}},{"start":{"line":97,"column":8},"end":{"line":97,"column":8}}]},"4":{"line":98,"type":"if","locations":[{"start":{"line":98,"column":8},"end":{"line":98,"column":8}},{"start":{"line":98,"column":8},"end":{"line":98,"column":8}}]},"5":{"line":99,"type":"if","locations":[{"start":{"line":99,"column":8},"end":{"line":99,"column":8}},{"start":{"line":99,"column":8},"end":{"line":99,"column":8}}]},"6":{"line":100,"type":"if","locations":[{"start":{"line":100,"column":8},"end":{"line":100,"column":8}},{"start":{"line":100,"column":8},"end":{"line":100,"column":8}}]},"7":{"line":106,"type":"if","locations":[{"start":{"line":106,"column":8},"end":{"line":106,"column":8}},{"start":{"line":106,"column":8},"end":{"line":106,"column":8}}]},"8":{"line":118,"type":"if","locations":[{"start":{"line":118,"column":8},"end":{"line":118,"column":8}},{"start":{"line":118,"column":8},"end":{"line":118,"column":8}}]},"9":{"line":123,"type":"if","locations":[{"start":{"line":123,"column":8},"end":{"line":123,"column":8}},{"start":{"line":123,"column":8},"end":{"line":123,"column":8}}]},"10":{"line":132,"type":"if","locations":[{"start":{"line":132,"column":8},"end":{"line":132,"column":8}},{"start":{"line":132,"column":8},"end":{"line":132,"column":8}}]},"11":{"line":141,"type":"if","locations":[{"start":{"line":141,"column":12},"end":{"line":141,"column":12}},{"start":{"line":141,"column":12},"end":{"line":141,"column":12}}]}}},
"contracts\\IUniswapV2Router02.sol":{"l":{},"path":"C:\\Users\\user\\Documents\\GitHub\\Smart_contract_portfolio\\08_ACDM\\contracts\\IUniswapV2Router02.sol","s":{},"b":{},"f":{},"fnMap":{},"statementMap":{},"branchMap":{}},
"contracts\\LPToken.sol":{"l":{"10":72,"14":72,"18":72},"path":"C:\\Users\\user\\Documents\\GitHub\\Smart_contract_portfolio\\08_ACDM\\contracts\\LPToken.sol","s":{"1":72,"2":72,"3":72},"b":{},"f":{"1":72,"2":72,"3":72},"fnMap":{"1":{"name":"constructor","line":9,"loc":{"start":{"line":9,"column":4},"end":{"line":11,"column":4}}},"2":{"name":"decimals","line":13,"loc":{"start":{"line":13,"column":4},"end":{"line":15,"column":4}}},"3":{"name":"mint","line":17,"loc":{"start":{"line":17,"column":5},"end":{"line":19,"column":4}}}},"statementMap":{"1":{"start":{"line":10,"column":8},"end":{"line":10,"column":49}},"2":{"start":{"line":14,"column":8},"end":{"line":14,"column":16}},"3":{"start":{"line":18,"column":8},"end":{"line":18,"column":24}}},"branchMap":{}},
"contracts\\Staking.sol":{"l":{"37":72,"39":72,"40":72,"45":25,"46":24,"47":24,"48":24,"55":32,"56":32,"57":32,"58":32,"59":32,"60":32,"66":5,"71":4,"76":3,"77":3,"78":3,"79":3,"80":3,"81":3,"86":5,"90":3,"91":3,"92":3,"93":3,"94":3,"95":3,"96":3,"101":1,"107":21},"path":"C:\\Users\\user\\Documents\\GitHub\\Smart_contract_portfolio\\08_ACDM\\contracts\\Staking.sol","s":{"1":72,"2":72,"3":72,"4":25,"5":24,"6":24,"7":24,"8":32,"9":32,"10":32,"11":32,"12":32,"13":32,"14":5,"15":4,"16":3,"17":3,"18":3,"19":3,"20":3,"21":3,"22":5,"23":3,"24":3,"25":3,"26":3,"27":3,"28":3,"29":3,"30":1,"31":21},"b":{"1":[24,1],"2":[4,1],"3":[3,1],"4":[3,2]},"f":{"1":72,"2":25,"3":32,"4":5,"5":5,"6":1,"7":21},"fnMap":{"1":{"name":"constructor","line":36,"loc":{"start":{"line":36,"column":4},"end":{"line":41,"column":4}}},"2":{"name":"setupDao","line":44,"loc":{"start":{"line":44,"column":4},"end":{"line":49,"column":4}}},"3":{"name":"stake","line":54,"loc":{"start":{"line":54,"column":4},"end":{"line":61,"column":4}}},"4":{"name":"unstake","line":65,"loc":{"start":{"line":65,"column":4},"end":{"line":82,"column":4}}},"5":{"name":"claim","line":85,"loc":{"start":{"line":85,"column":4},"end":{"line":97,"column":4}}},"6":{"name":"setTimeToLockLp","line":100,"loc":{"start":{"line":100,"column":4},"end":{"line":102,"column":4}}},"7":{"name":"stakeAmount","line":106,"loc":{"start":{"line":106,"column":4},"end":{"line":108,"column":4}}}},"statementMap":{"1":{"start":{"line":37,"column":8},"end":{"line":37,"column":49}},"2":{"start":{"line":39,"column":8},"end":{"line":39,"column":35}},"3":{"start":{"line":40,"column":8},"end":{"line":40,"column":43}},"4":{"start":{"line":45,"column":8},"end":{"line":45,"column":62}},"5":{"start":{"line":46,"column":8},"end":{"line":46,"column":30}},"6":{"start":{"line":47,"column":8},"end":{"line":47,"column":31}},"7":{"start":{"line":48,"column":8},"end":{"line":48,"column":35}},"8":{"start":{"line":55,"column":8},"end":{"line":55,"column":63}},"9":{"start":{"line":56,"column":8},"end":{"line":56,"column":43}},"10":{"start":{"line":57,"column":8},"end":{"line":57,"column":53}},"11":{"start":{"line":58,"column":8},"end":{"line":58,"column":60}},"12":{"start":{"line":59,"column":8},"end":{"line":59,"column":30}},"13":{"start":{"line":60,"column":8},"end":{"line":60,"column":40}},"14":{"start":{"line":66,"column":8},"end":{"line":66,"column":2073}},"15":{"start":{"line":71,"column":8},"end":{"line":71,"column":2263}},"16":{"start":{"line":76,"column":8},"end":{"line":76,"column":48}},"17":{"start":{"line":77,"column":8},"end":{"line":77,"column":44}},"18":{"start":{"line":78,"column":8},"end":{"line":78,"column":36}},"19":{"start":{"line":79,"column":8},"end":{"line":79,"column":60}},"20":{"start":{"line":80,"column":8},"end":{"line":80,"column":30}},"21":{"start":{"line":81,"column":8},"end":{"line":81,"column":42}},"22":{"start":{"line":86,"column":8},"end":{"line":86,"column":2824}},"23":{"start":{"line":90,"column":8},"end":{"line":90,"column":36}},"24":{"start":{"line":91,"column":8},"end":{"line":91,"column":79}},"25":{"start":{"line":92,"column":8},"end":{"line":92,"column":45}},"26":{"start":{"line":93,"column":8},"end":{"line":93,"column":75}},"27":{"start":{"line":94,"column":8},"end":{"line":94,"column":53}},"28":{"start":{"line":95,"column":8},"end":{"line":95,"column":53}},"29":{"start":{"line":96,"column":8},"end":{"line":96,"column":60}},"30":{"start":{"line":101,"column":8},"end":{"line":101,"column":27}},"31":{"start":{"line":107,"column":8},"end":{"line":107,"column":36}}},"branchMap":{"1":{"line":45,"type":"if","locations":[{"start":{"line":45,"column":8},"end":{"line":45,"column":8}},{"start":{"line":45,"column":8},"end":{"line":45,"column":8}}]},"2":{"line":66,"type":"if","locations":[{"start":{"line":66,"column":8},"end":{"line":66,"column":8}},{"start":{"line":66,"column":8},"end":{"line":66,"column":8}}]},"3":{"line":71,"type":"if","locations":[{"start":{"line":71,"column":8},"end":{"line":71,"column":8}},{"start":{"line":71,"column":8},"end":{"line":71,"column":8}}]},"4":{"line":86,"type":"if","locations":[{"start":{"line":86,"column":8},"end":{"line":86,"column":8}},{"start":{"line":86,"column":8},"end":{"line":86,"column":8}}]}}},
"contracts\\XXXToken.sol":{"l":{"10":72,"14":24},"path":"C:\\Users\\user\\Documents\\GitHub\\Smart_contract_portfolio\\08_ACDM\\contracts\\XXXToken.sol","s":{"1":72,"2":24},"b":{},"f":{"1":72,"2":24},"fnMap":{"1":{"name":"constructor","line":9,"loc":{"start":{"line":9,"column":4},"end":{"line":11,"column":4}}},"2":{"name":"mint","line":13,"loc":{"start":{"line":13,"column":5},"end":{"line":15,"column":4}}}},"statementMap":{"1":{"start":{"line":10,"column":8},"end":{"line":10,"column":46}},"2":{"start":{"line":14,"column":8},"end":{"line":14,"column":24}}},"branchMap":{}}}
