TN:
SF:C:\Users\user\Documents\GitHub\Smart_contract_portfolio\08_ACDM\contracts\ACDMPlatform.sol
FN:66,onlySaleRound
FN:70,onlyTradeRound
FN:75,constructor
FN:82,startPlatform
FN:91,buyAcdm
FN:101,startSaleRound
FN:126,startTradeRound
FN:138,addOrder
FN:149,redeemOrder
FN:174,removeOrder
FN:187,register
FN:194,_transferSaleReferReward
FN:208,_transferTradeeReferReward
FN:226,setSaleRoundReferRewards
FN:236,setTradeRoundReferRewards
FN:244,_updateTokenPrice
FN:249,withdraw
FNF:17
FNH:16
FNDA:84,onlySaleRound
FNDA:41,onlyTradeRound
FNDA:96,constructor
FNDA:26,startPlatform
FNDA:63,buyAcdm
FNDA:4,startSaleRound
FNDA:20,startTradeRound
FNDA:20,addOrder
FNDA:12,redeemOrder
FNDA:5,removeOrder
FNDA:82,register
FNDA:61,_transferSaleReferReward
FNDA:11,_transferTradeeReferReward
FNDA:1,setSaleRoundReferRewards
FNDA:1,setTradeRoundReferRewards
FNDA:3,_updateTokenPrice
FNDA:0,withdraw
DA:67,84
DA:68,83
DA:71,41
DA:72,41
DA:76,96
DA:77,96
DA:78,96
DA:83,26
DA:85,26
DA:86,26
DA:87,26
DA:92,63
DA:96,62
DA:97,61
DA:98,61
DA:102,4
DA:107,3
DA:108,6
DA:109,6
DA:110,4
DA:115,3
DA:117,3
DA:119,3
DA:120,3
DA:121,3
DA:122,3
DA:127,20
DA:132,19
DA:133,19
DA:134,19
DA:139,20
DA:143,20
DA:144,20
DA:145,20
DA:150,12
DA:154,12
DA:155,12
DA:156,11
DA:157,11
DA:158,11
DA:159,11
DA:160,11
DA:161,8
DA:162,8
DA:164,3
DA:166,11
DA:167,11
DA:170,11
DA:175,5
DA:179,4
DA:180,4
DA:181,3
DA:182,3
DA:183,2
DA:188,82
DA:189,81
DA:190,81
DA:195,61
DA:196,61
DA:197,122
DA:198,122
DA:199,98
DA:201,24
DA:203,122
DA:211,11
DA:212,11
DA:213,22
DA:214,22
DA:215,16
DA:217,6
DA:219,22
DA:228,1
DA:229,1
DA:230,1
DA:238,1
DA:239,1
DA:240,1
DA:245,3
DA:250,0
DA:251,0
LF:80
LH:78
BRDA:67,1,0,83
BRDA:67,1,1,1
BRDA:71,2,0,41
BRDA:71,2,1,0
BRDA:83,3,0,26
BRDA:83,3,1,0
BRDA:92,4,0,62
BRDA:92,4,1,1
BRDA:96,5,0,61
BRDA:96,5,1,1
BRDA:102,6,0,3
BRDA:102,6,1,1
BRDA:109,7,0,4
BRDA:109,7,1,2
BRDA:127,8,0,19
BRDA:127,8,1,1
BRDA:139,9,0,20
BRDA:139,9,1,0
BRDA:150,10,0,12
BRDA:150,10,1,0
BRDA:155,11,0,11
BRDA:155,11,1,1
BRDA:157,12,0,11
BRDA:157,12,1,0
BRDA:160,13,0,8
BRDA:160,13,1,3
BRDA:175,14,0,4
BRDA:175,14,1,1
BRDA:180,15,0,3
BRDA:180,15,1,1
BRDA:188,16,0,81
BRDA:188,16,1,1
BRDA:198,17,0,98
BRDA:198,17,1,24
BRDA:214,18,0,16
BRDA:214,18,1,6
BRF:36
BRH:31
end_of_record
TN:
SF:C:\Users\user\Documents\GitHub\Smart_contract_portfolio\08_ACDM\contracts\ACDMToken.sol
FN:11,constructor
FN:15,decimals
FN:19,mint
FN:23,burn
FNF:4
FNH:3
FNDA:96,constructor
FNDA:29,decimals
FNDA:29,mint
FNDA:0,burn
DA:12,96
DA:16,29
DA:20,29
DA:24,0
LF:4
LH:3
BRF:0
BRH:0
end_of_record
TN:
SF:C:\Users\user\Documents\GitHub\Smart_contract_portfolio\08_ACDM\contracts\DAO.sol
FN:44,constructor
FN:54,setupStaking
FN:67,addProposal
FN:96,vote
FN:117,finish
FNF:5
FNH:5
FNDA:168,constructor
FNDA:56,setupStaking
FNDA:18,addProposal
FNDA:28,vote
FNDA:10,finish
DA:45,168
DA:46,168
DA:47,168
DA:56,56
DA:57,56
DA:58,56
DA:69,18
DA:70,18
DA:71,17
DA:73,17
DA:84,17
DA:97,28
DA:98,27
DA:99,26
DA:100,25
DA:105,24
DA:106,24
DA:108,23
DA:109,23
DA:110,23
DA:111,23
DA:118,10
DA:123,9
DA:125,8
DA:127,8
DA:130,8
DA:131,8
DA:132,8
DA:137,5
DA:138,5
DA:140,5
DA:141,5
DA:142,3
DA:144,6
LF:34
LH:34
BRDA:56,1,0,56
BRDA:56,1,1,0
BRDA:70,2,0,17
BRDA:70,2,1,1
BRDA:97,3,0,27
BRDA:97,3,1,1
BRDA:98,4,0,26
BRDA:98,4,1,1
BRDA:99,5,0,25
BRDA:99,5,1,1
BRDA:100,6,0,24
BRDA:100,6,1,1
BRDA:106,7,0,23
BRDA:106,7,1,1
BRDA:118,8,0,9
BRDA:118,8,1,1
BRDA:123,9,0,8
BRDA:123,9,1,1
BRDA:132,10,0,5
BRDA:132,10,1,3
BRDA:141,11,0,3
BRDA:141,11,1,2
BRF:22
BRH:21
end_of_record
TN:
SF:C:\Users\user\Documents\GitHub\Smart_contract_portfolio\08_ACDM\contracts\IUniswapV2Router02.sol
FNF:0
FNH:0
LF:0
LH:0
BRF:0
BRH:0
end_of_record
TN:
SF:C:\Users\user\Documents\GitHub\Smart_contract_portfolio\08_ACDM\contracts\LPToken.sol
FN:9,constructor
FN:13,decimals
FN:17,mint
FNF:3
FNH:3
FNDA:168,constructor
FNDA:168,decimals
FNDA:168,mint
DA:10,168
DA:14,168
DA:18,168
LF:3
LH:3
BRF:0
BRH:0
end_of_record
TN:
SF:C:\Users\user\Documents\GitHub\Smart_contract_portfolio\08_ACDM\contracts\Staking.sol
FN:36,constructor
FN:44,setupDao
FN:54,stake
FN:65,unstake
FN:85,claim
FN:100,setTimeToLockLp
FN:106,stakeAmount
FNF:7
FNH:7
FNDA:168,constructor
FNDA:57,setupDao
FNDA:38,stake
FNDA:5,unstake
FNDA:5,claim
FNDA:1,setTimeToLockLp
FNDA:27,stakeAmount
DA:37,168
DA:39,168
DA:40,168
DA:45,57
DA:46,56
DA:47,56
DA:48,56
DA:55,38
DA:56,38
DA:57,38
DA:58,38
DA:59,38
DA:60,38
DA:66,5
DA:71,4
DA:76,3
DA:77,3
DA:78,3
DA:79,3
DA:80,3
DA:81,3
DA:86,5
DA:90,3
DA:91,3
DA:92,3
DA:93,3
DA:94,3
DA:95,3
DA:96,3
DA:101,1
DA:107,27
LF:31
LH:31
BRDA:45,1,0,56
BRDA:45,1,1,1
BRDA:66,2,0,4
BRDA:66,2,1,1
BRDA:71,3,0,3
BRDA:71,3,1,1
BRDA:86,4,0,3
BRDA:86,4,1,2
BRF:8
BRH:8
end_of_record
TN:
SF:C:\Users\user\Documents\GitHub\Smart_contract_portfolio\08_ACDM\contracts\XXXToken.sol
FN:9,constructor
FN:13,mint
FNF:2
FNH:2
FNDA:168,constructor
FNDA:56,mint
DA:10,168
DA:14,56
LF:2
LH:2
BRF:0
BRH:0
end_of_record
