TN:
SF:C:\Users\user\Documents\GitHub\Smart_contract_portfolio\08_ACDM\contracts\ACDMToken.sol
FN:9,constructor
FN:13,decimals
FN:17,mint
FNF:3
FNH:0
FNDA:0,constructor
FNDA:0,decimals
FNDA:0,mint
DA:10,0
DA:14,0
DA:18,0
LF:3
LH:0
BRF:0
BRH:0
end_of_record
TN:
SF:C:\Users\user\Documents\GitHub\Smart_contract_portfolio\08_ACDM\contracts\DAO.sol
FN:44,constructor
FN:54,setStaking
FN:67,addProposal
FN:96,vote
FN:117,finish
FNF:5
FNH:4
FNDA:36,constructor
FNDA:12,setStaking
FNDA:3,addProposal
FNDA:4,vote
FNDA:0,finish
DA:45,36
DA:46,36
DA:47,36
DA:56,12
DA:57,12
DA:58,12
DA:69,3
DA:70,3
DA:71,3
DA:73,3
DA:84,3
DA:97,4
DA:98,4
DA:99,4
DA:100,4
DA:105,4
DA:106,4
DA:108,4
DA:109,4
DA:110,4
DA:111,4
DA:118,0
DA:123,0
DA:125,0
DA:127,0
DA:130,0
DA:131,0
DA:132,0
DA:137,0
DA:138,0
DA:140,0
DA:141,0
DA:142,0
DA:144,0
LF:34
LH:21
BRDA:56,1,0,12
BRDA:56,1,1,0
BRDA:70,2,0,3
BRDA:70,2,1,0
BRDA:97,3,0,4
BRDA:97,3,1,0
BRDA:98,4,0,4
BRDA:98,4,1,0
BRDA:99,5,0,4
BRDA:99,5,1,0
BRDA:100,6,0,4
BRDA:100,6,1,0
BRDA:106,7,0,4
BRDA:106,7,1,0
BRDA:118,8,0,0
BRDA:118,8,1,0
BRDA:123,9,0,0
BRDA:123,9,1,0
BRDA:132,10,0,0
BRDA:132,10,1,0
BRDA:141,11,0,0
BRDA:141,11,1,0
BRF:22
BRH:7
end_of_record
TN:
SF:C:\Users\user\Documents\GitHub\Smart_contract_portfolio\08_ACDM\contracts\IUniswapV2Router02.sol
FNF:0
FNH:0
LF:0
LH:0
BRF:0
BRH:0
end_of_record
TN:
SF:C:\Users\user\Documents\GitHub\Smart_contract_portfolio\08_ACDM\contracts\LPToken.sol
FN:9,constructor
FN:13,decimals
FN:17,mint
FNF:3
FNH:3
FNDA:36,constructor
FNDA:36,decimals
FNDA:36,mint
DA:10,36
DA:14,36
DA:18,36
LF:3
LH:3
BRF:0
BRH:0
end_of_record
TN:
SF:C:\Users\user\Documents\GitHub\Smart_contract_portfolio\08_ACDM\contracts\Staking.sol
FN:36,constructor
FN:43,setDao
FN:54,stake
FN:66,unstake
FN:86,claim
FN:101,setTimeToLockLp
FN:108,setDaoAddress
FN:115,stakeAmount
FNF:8
FNH:6
FNDA:36,constructor
FNDA:13,setDao
FNDA:16,stake
FNDA:5,unstake
FNDA:5,claim
FNDA:0,setTimeToLockLp
FNDA:0,setDaoAddress
FNDA:7,stakeAmount
DA:37,36
DA:39,36
DA:40,36
DA:44,13
DA:45,12
DA:46,12
DA:47,12
DA:55,16
DA:56,16
DA:57,16
DA:58,16
DA:59,16
DA:61,16
DA:67,5
DA:72,4
DA:77,3
DA:78,3
DA:79,3
DA:80,3
DA:81,3
DA:82,3
DA:87,5
DA:91,3
DA:92,3
DA:93,3
DA:94,3
DA:95,3
DA:96,3
DA:97,3
DA:102,0
DA:110,0
DA:116,7
LF:32
LH:30
BRDA:44,1,0,12
BRDA:44,1,1,1
BRDA:67,2,0,4
BRDA:67,2,1,1
BRDA:72,3,0,3
BRDA:72,3,1,1
BRDA:87,4,0,3
BRDA:87,4,1,2
BRF:8
BRH:8
end_of_record
TN:
SF:C:\Users\user\Documents\GitHub\Smart_contract_portfolio\08_ACDM\contracts\XXXToken.sol
FN:9,constructor
FN:13,mint
FNF:2
FNH:2
FNDA:36,constructor
FNDA:12,mint
DA:10,36
DA:14,12
LF:2
LH:2
BRF:0
BRH:0
end_of_record
